CRITICAL - 2022-04-24 15:32:49 --> Call to undefined function set_value()
#0 C:\xampp\htdocs\demo\system\View\View.php(210): include()
#1 C:\xampp\htdocs\demo\system\View\View.php(213): CodeIgniter\View\View->CodeIgniter\View\{closure}()
#2 C:\xampp\htdocs\demo\system\Common.php(1089): CodeIgniter\View\View->render('create', Array, true)
#3 C:\xampp\htdocs\demo\app\Controllers\Students.php(79): view('create')
#4 C:\xampp\htdocs\demo\system\CodeIgniter.php(832): App\Controllers\Students->create()
#5 C:\xampp\htdocs\demo\system\CodeIgniter.php(419): CodeIgniter\CodeIgniter->runController(Object(App\Controllers\Students))
#6 C:\xampp\htdocs\demo\system\CodeIgniter.php(326): CodeIgniter\CodeIgniter->handleRequest(NULL, Object(Config\Cache), false)
#7 C:\xampp\htdocs\demo\public\index.php(37): CodeIgniter\CodeIgniter->run()
#8 C:\xampp\htdocs\demo\system\Commands\Server\rewrite.php(43): require_once('C:\\xampp\\htdocs...')
#9 {main}
CRITICAL - 2022-04-24 15:43:50 --> Invalid file: create.php
#0 C:\xampp\htdocs\demo\system\View\View.php(198): CodeIgniter\Exceptions\FrameworkException::forInvalidFile('create.php')
#1 C:\xampp\htdocs\demo\system\Common.php(1089): CodeIgniter\View\View->render('create', Array, true)
#2 C:\xampp\htdocs\demo\app\Controllers\Students.php(79): view('create')
#3 C:\xampp\htdocs\demo\system\CodeIgniter.php(832): App\Controllers\Students->create()
#4 C:\xampp\htdocs\demo\system\CodeIgniter.php(419): CodeIgniter\CodeIgniter->runController(Object(App\Controllers\Students))
#5 C:\xampp\htdocs\demo\system\CodeIgniter.php(326): CodeIgniter\CodeIgniter->handleRequest(NULL, Object(Config\Cache), false)
#6 C:\xampp\htdocs\demo\public\index.php(37): CodeIgniter\CodeIgniter->run()
#7 C:\xampp\htdocs\demo\system\Commands\Server\rewrite.php(43): require_once('C:\\xampp\\htdocs...')
#8 {main}
CRITICAL - 2022-04-24 15:44:26 --> Invalid file: create.php
#0 C:\xampp\htdocs\demo\system\View\View.php(198): CodeIgniter\Exceptions\FrameworkException::forInvalidFile('create.php')
#1 C:\xampp\htdocs\demo\system\Common.php(1089): CodeIgniter\View\View->render('create', Array, true)
#2 C:\xampp\htdocs\demo\app\Controllers\Students.php(79): view('create')
#3 C:\xampp\htdocs\demo\system\CodeIgniter.php(832): App\Controllers\Students->create()
#4 C:\xampp\htdocs\demo\system\CodeIgniter.php(419): CodeIgniter\CodeIgniter->runController(Object(App\Controllers\Students))
#5 C:\xampp\htdocs\demo\system\CodeIgniter.php(326): CodeIgniter\CodeIgniter->handleRequest(NULL, Object(Config\Cache), false)
#6 C:\xampp\htdocs\demo\public\index.php(37): CodeIgniter\CodeIgniter->run()
#7 C:\xampp\htdocs\demo\system\Commands\Server\rewrite.php(43): require_once('C:\\xampp\\htdocs...')
#8 {main}
CRITICAL - 2022-04-24 15:44:55 --> Invalid file: create.php
#0 C:\xampp\htdocs\demo\system\View\View.php(198): CodeIgniter\Exceptions\FrameworkException::forInvalidFile('create.php')
#1 C:\xampp\htdocs\demo\system\Common.php(1089): CodeIgniter\View\View->render('create', Array, true)
#2 C:\xampp\htdocs\demo\app\Controllers\Students.php(79): view('create')
#3 C:\xampp\htdocs\demo\system\CodeIgniter.php(832): App\Controllers\Students->create()
#4 C:\xampp\htdocs\demo\system\CodeIgniter.php(419): CodeIgniter\CodeIgniter->runController(Object(App\Controllers\Students))
#5 C:\xampp\htdocs\demo\system\CodeIgniter.php(326): CodeIgniter\CodeIgniter->handleRequest(NULL, Object(Config\Cache), false)
#6 C:\xampp\htdocs\demo\public\index.php(37): CodeIgniter\CodeIgniter->run()
#7 C:\xampp\htdocs\demo\system\Commands\Server\rewrite.php(43): require_once('C:\\xampp\\htdocs...')
#8 {main}
CRITICAL - 2022-04-24 17:24:45 --> Undefined variable $model
#0 C:\xampp\htdocs\demo\app\Controllers\Students.php(62): CodeIgniter\Debug\Exceptions->errorHandler(2, 'Undefined varia...', 'C:\\xampp\\htdocs...', 62)
#1 C:\xampp\htdocs\demo\system\CodeIgniter.php(832): App\Controllers\Students->create()
#2 C:\xampp\htdocs\demo\system\CodeIgniter.php(419): CodeIgniter\CodeIgniter->runController(Object(App\Controllers\Students))
#3 C:\xampp\htdocs\demo\system\CodeIgniter.php(326): CodeIgniter\CodeIgniter->handleRequest(NULL, Object(Config\Cache), false)
#4 C:\xampp\htdocs\demo\public\index.php(37): CodeIgniter\CodeIgniter->run()
#5 C:\xampp\htdocs\demo\system\Commands\Server\rewrite.php(43): require_once('C:\\xampp\\htdocs...')
#6 {main}
CRITICAL - 2022-04-24 17:25:37 --> Undefined variable $data2
#0 C:\xampp\htdocs\demo\app\Controllers\Students.php(96): CodeIgniter\Debug\Exceptions->errorHandler(2, 'Undefined varia...', 'C:\\xampp\\htdocs...', 96)
#1 C:\xampp\htdocs\demo\system\CodeIgniter.php(832): App\Controllers\Students->create()
#2 C:\xampp\htdocs\demo\system\CodeIgniter.php(419): CodeIgniter\CodeIgniter->runController(Object(App\Controllers\Students))
#3 C:\xampp\htdocs\demo\system\CodeIgniter.php(326): CodeIgniter\CodeIgniter->handleRequest(NULL, Object(Config\Cache), false)
#4 C:\xampp\htdocs\demo\public\index.php(37): CodeIgniter\CodeIgniter->run()
#5 C:\xampp\htdocs\demo\system\Commands\Server\rewrite.php(43): require_once('C:\\xampp\\htdocs...')
#6 {main}
CRITICAL - 2022-04-24 17:54:46 --> Undefined variable $data
#0 C:\xampp\htdocs\demo\app\Controllers\CreateStudents.php(17): CodeIgniter\Debug\Exceptions->errorHandler(2, 'Undefined varia...', 'C:\\xampp\\htdocs...', 17)
#1 C:\xampp\htdocs\demo\system\CodeIgniter.php(832): App\Controllers\CreateStudents->index()
#2 C:\xampp\htdocs\demo\system\CodeIgniter.php(419): CodeIgniter\CodeIgniter->runController(Object(App\Controllers\CreateStudents))
#3 C:\xampp\htdocs\demo\system\CodeIgniter.php(326): CodeIgniter\CodeIgniter->handleRequest(NULL, Object(Config\Cache), false)
#4 C:\xampp\htdocs\demo\public\index.php(37): CodeIgniter\CodeIgniter->run()
#5 C:\xampp\htdocs\demo\system\Commands\Server\rewrite.php(43): require_once('C:\\xampp\\htdocs...')
#6 {main}
CRITICAL - 2022-04-24 18:00:38 --> Class "App\Controllers\Controller" not found
#0 C:\xampp\htdocs\demo\system\Autoloader\Autoloader.php(264): include_once()
#1 C:\xampp\htdocs\demo\system\Autoloader\Autoloader.php(241): CodeIgniter\Autoloader\Autoloader->includeFile('C:\\xampp\\htdocs...')
#2 C:\xampp\htdocs\demo\system\Autoloader\Autoloader.php(219): CodeIgniter\Autoloader\Autoloader->loadInNamespace('App\\Controllers...')
#3 [internal function]: CodeIgniter\Autoloader\Autoloader->loadClass('App\\Controllers...')
#4 C:\xampp\htdocs\demo\system\CodeIgniter.php(797): class_exists('\\App\\Controller...', true)
#5 C:\xampp\htdocs\demo\system\CodeIgniter.php(406): CodeIgniter\CodeIgniter->startController()
#6 C:\xampp\htdocs\demo\system\CodeIgniter.php(326): CodeIgniter\CodeIgniter->handleRequest(NULL, Object(Config\Cache), false)
#7 C:\xampp\htdocs\demo\public\index.php(37): CodeIgniter\CodeIgniter->run()
#8 C:\xampp\htdocs\demo\system\Commands\Server\rewrite.php(43): require_once('C:\\xampp\\htdocs...')
#9 {main}
CRITICAL - 2022-04-24 19:53:10 --> Call to a member function save() on string
#0 C:\xampp\htdocs\demo\system\CodeIgniter.php(832): App\Controllers\CreateStudents->create()
#1 C:\xampp\htdocs\demo\system\CodeIgniter.php(419): CodeIgniter\CodeIgniter->runController(Object(App\Controllers\CreateStudents))
#2 C:\xampp\htdocs\demo\system\CodeIgniter.php(326): CodeIgniter\CodeIgniter->handleRequest(NULL, Object(Config\Cache), false)
#3 C:\xampp\htdocs\demo\public\index.php(37): CodeIgniter\CodeIgniter->run()
#4 C:\xampp\htdocs\demo\system\Commands\Server\rewrite.php(43): require_once('C:\\xampp\\htdocs...')
#5 {main}
ERROR - 2022-04-24 19:54:52 --> Column 'LastName' cannot be null
CRITICAL - 2022-04-24 19:54:52 --> Column 'LastName' cannot be null
#0 C:\xampp\htdocs\demo\system\Database\MySQLi\Connection.php(292): mysqli->query('INSERT INTO `st...', 0)
#1 C:\xampp\htdocs\demo\system\Database\BaseConnection.php(670): CodeIgniter\Database\MySQLi\Connection->execute('INSERT INTO `st...')
#2 C:\xampp\htdocs\demo\system\Database\BaseConnection.php(598): CodeIgniter\Database\BaseConnection->simpleQuery('INSERT INTO `st...')
#3 C:\xampp\htdocs\demo\system\Database\BaseBuilder.php(1771): CodeIgniter\Database\BaseConnection->query('INSERT INTO `st...', Array, false)
#4 C:\xampp\htdocs\demo\system\Model.php(239): CodeIgniter\Database\BaseBuilder->insert()
#5 C:\xampp\htdocs\demo\system\BaseModel.php(738): CodeIgniter\Model->doInsert(Array)
#6 C:\xampp\htdocs\demo\system\Model.php(625): CodeIgniter\BaseModel->insert(Array, false)
#7 C:\xampp\htdocs\demo\system\BaseModel.php(658): CodeIgniter\Model->insert(Array, false)
#8 C:\xampp\htdocs\demo\app\Controllers\CreateStudents.php(54): CodeIgniter\BaseModel->save(Array)
#9 C:\xampp\htdocs\demo\system\CodeIgniter.php(832): App\Controllers\CreateStudents->create()
#10 C:\xampp\htdocs\demo\system\CodeIgniter.php(419): CodeIgniter\CodeIgniter->runController(Object(App\Controllers\CreateStudents))
#11 C:\xampp\htdocs\demo\system\CodeIgniter.php(326): CodeIgniter\CodeIgniter->handleRequest(NULL, Object(Config\Cache), false)
#12 C:\xampp\htdocs\demo\public\index.php(37): CodeIgniter\CodeIgniter->run()
#13 C:\xampp\htdocs\demo\system\Commands\Server\rewrite.php(43): require_once('C:\\xampp\\htdocs...')
#14 {main}
ERROR - 2022-04-24 19:56:35 --> Column 'LastName' cannot be null
CRITICAL - 2022-04-24 19:56:35 --> Column 'LastName' cannot be null
#0 C:\xampp\htdocs\demo\system\Database\MySQLi\Connection.php(292): mysqli->query('INSERT INTO `st...', 0)
#1 C:\xampp\htdocs\demo\system\Database\BaseConnection.php(670): CodeIgniter\Database\MySQLi\Connection->execute('INSERT INTO `st...')
#2 C:\xampp\htdocs\demo\system\Database\BaseConnection.php(598): CodeIgniter\Database\BaseConnection->simpleQuery('INSERT INTO `st...')
#3 C:\xampp\htdocs\demo\system\Database\BaseBuilder.php(1771): CodeIgniter\Database\BaseConnection->query('INSERT INTO `st...', Array, false)
#4 C:\xampp\htdocs\demo\system\Model.php(239): CodeIgniter\Database\BaseBuilder->insert()
#5 C:\xampp\htdocs\demo\system\BaseModel.php(738): CodeIgniter\Model->doInsert(Array)
#6 C:\xampp\htdocs\demo\system\Model.php(625): CodeIgniter\BaseModel->insert(Array, false)
#7 C:\xampp\htdocs\demo\system\BaseModel.php(658): CodeIgniter\Model->insert(Array, false)
#8 C:\xampp\htdocs\demo\app\Controllers\CreateStudents.php(54): CodeIgniter\BaseModel->save(Array)
#9 C:\xampp\htdocs\demo\system\CodeIgniter.php(832): App\Controllers\CreateStudents->create()
#10 C:\xampp\htdocs\demo\system\CodeIgniter.php(419): CodeIgniter\CodeIgniter->runController(Object(App\Controllers\CreateStudents))
#11 C:\xampp\htdocs\demo\system\CodeIgniter.php(326): CodeIgniter\CodeIgniter->handleRequest(NULL, Object(Config\Cache), false)
#12 C:\xampp\htdocs\demo\public\index.php(37): CodeIgniter\CodeIgniter->run()
#13 C:\xampp\htdocs\demo\system\Commands\Server\rewrite.php(43): require_once('C:\\xampp\\htdocs...')
#14 {main}
ERROR - 2022-04-24 20:01:40 --> Column 'LastName' cannot be null
CRITICAL - 2022-04-24 20:01:40 --> Column 'LastName' cannot be null
#0 C:\xampp\htdocs\demo\system\Database\MySQLi\Connection.php(292): mysqli->query('INSERT INTO `st...', 0)
#1 C:\xampp\htdocs\demo\system\Database\BaseConnection.php(670): CodeIgniter\Database\MySQLi\Connection->execute('INSERT INTO `st...')
#2 C:\xampp\htdocs\demo\system\Database\BaseConnection.php(598): CodeIgniter\Database\BaseConnection->simpleQuery('INSERT INTO `st...')
#3 C:\xampp\htdocs\demo\system\Database\BaseBuilder.php(1771): CodeIgniter\Database\BaseConnection->query('INSERT INTO `st...', Array, false)
#4 C:\xampp\htdocs\demo\system\Model.php(239): CodeIgniter\Database\BaseBuilder->insert()
#5 C:\xampp\htdocs\demo\system\BaseModel.php(738): CodeIgniter\Model->doInsert(Array)
#6 C:\xampp\htdocs\demo\system\Model.php(625): CodeIgniter\BaseModel->insert(Array, false)
#7 C:\xampp\htdocs\demo\system\BaseModel.php(658): CodeIgniter\Model->insert(Array, false)
#8 C:\xampp\htdocs\demo\app\Controllers\CreateStudents.php(54): CodeIgniter\BaseModel->save(Array)
#9 C:\xampp\htdocs\demo\system\CodeIgniter.php(832): App\Controllers\CreateStudents->create()
#10 C:\xampp\htdocs\demo\system\CodeIgniter.php(419): CodeIgniter\CodeIgniter->runController(Object(App\Controllers\CreateStudents))
#11 C:\xampp\htdocs\demo\system\CodeIgniter.php(326): CodeIgniter\CodeIgniter->handleRequest(NULL, Object(Config\Cache), false)
#12 C:\xampp\htdocs\demo\public\index.php(37): CodeIgniter\CodeIgniter->run()
#13 C:\xampp\htdocs\demo\system\Commands\Server\rewrite.php(43): require_once('C:\\xampp\\htdocs...')
#14 {main}
ERROR - 2022-04-24 20:14:39 --> Column 'LastName' cannot be null
CRITICAL - 2022-04-24 20:14:39 --> Column 'LastName' cannot be null
#0 C:\xampp\htdocs\demo\system\Database\MySQLi\Connection.php(292): mysqli->query('INSERT INTO `st...', 0)
#1 C:\xampp\htdocs\demo\system\Database\BaseConnection.php(670): CodeIgniter\Database\MySQLi\Connection->execute('INSERT INTO `st...')
#2 C:\xampp\htdocs\demo\system\Database\BaseConnection.php(598): CodeIgniter\Database\BaseConnection->simpleQuery('INSERT INTO `st...')
#3 C:\xampp\htdocs\demo\system\Database\BaseBuilder.php(1771): CodeIgniter\Database\BaseConnection->query('INSERT INTO `st...', Array, false)
#4 C:\xampp\htdocs\demo\system\Model.php(239): CodeIgniter\Database\BaseBuilder->insert()
#5 C:\xampp\htdocs\demo\system\BaseModel.php(738): CodeIgniter\Model->doInsert(Array)
#6 C:\xampp\htdocs\demo\system\Model.php(625): CodeIgniter\BaseModel->insert(Array, false)
#7 C:\xampp\htdocs\demo\system\BaseModel.php(658): CodeIgniter\Model->insert(Array, false)
#8 C:\xampp\htdocs\demo\app\Controllers\CreateStudents.php(54): CodeIgniter\BaseModel->save(Array)
#9 C:\xampp\htdocs\demo\system\CodeIgniter.php(832): App\Controllers\CreateStudents->create()
#10 C:\xampp\htdocs\demo\system\CodeIgniter.php(419): CodeIgniter\CodeIgniter->runController(Object(App\Controllers\CreateStudents))
#11 C:\xampp\htdocs\demo\system\CodeIgniter.php(326): CodeIgniter\CodeIgniter->handleRequest(NULL, Object(Config\Cache), false)
#12 C:\xampp\htdocs\demo\public\index.php(37): CodeIgniter\CodeIgniter->run()
#13 C:\xampp\htdocs\demo\system\Commands\Server\rewrite.php(43): require_once('C:\\xampp\\htdocs...')
#14 {main}
ERROR - 2022-04-24 20:15:57 --> Column 'LastName' cannot be null
CRITICAL - 2022-04-24 20:15:57 --> Column 'LastName' cannot be null
#0 C:\xampp\htdocs\demo\system\Database\MySQLi\Connection.php(292): mysqli->query('INSERT INTO `st...', 0)
#1 C:\xampp\htdocs\demo\system\Database\BaseConnection.php(670): CodeIgniter\Database\MySQLi\Connection->execute('INSERT INTO `st...')
#2 C:\xampp\htdocs\demo\system\Database\BaseConnection.php(598): CodeIgniter\Database\BaseConnection->simpleQuery('INSERT INTO `st...')
#3 C:\xampp\htdocs\demo\system\Database\BaseBuilder.php(1771): CodeIgniter\Database\BaseConnection->query('INSERT INTO `st...', Array, false)
#4 C:\xampp\htdocs\demo\system\Model.php(239): CodeIgniter\Database\BaseBuilder->insert()
#5 C:\xampp\htdocs\demo\system\BaseModel.php(738): CodeIgniter\Model->doInsert(Array)
#6 C:\xampp\htdocs\demo\system\Model.php(625): CodeIgniter\BaseModel->insert(Array, false)
#7 C:\xampp\htdocs\demo\system\BaseModel.php(658): CodeIgniter\Model->insert(Array, false)
#8 C:\xampp\htdocs\demo\app\Controllers\CreateStudents.php(54): CodeIgniter\BaseModel->save(Array)
#9 C:\xampp\htdocs\demo\system\CodeIgniter.php(832): App\Controllers\CreateStudents->create()
#10 C:\xampp\htdocs\demo\system\CodeIgniter.php(419): CodeIgniter\CodeIgniter->runController(Object(App\Controllers\CreateStudents))
#11 C:\xampp\htdocs\demo\system\CodeIgniter.php(326): CodeIgniter\CodeIgniter->handleRequest(NULL, Object(Config\Cache), false)
#12 C:\xampp\htdocs\demo\public\index.php(37): CodeIgniter\CodeIgniter->run()
#13 C:\xampp\htdocs\demo\system\Commands\Server\rewrite.php(43): require_once('C:\\xampp\\htdocs...')
#14 {main}
CRITICAL - 2022-04-24 22:26:44 --> Call to undefined function App\Controllers\alert()
#0 C:\xampp\htdocs\demo\system\CodeIgniter.php(832): App\Controllers\CreateStudents->create()
#1 C:\xampp\htdocs\demo\system\CodeIgniter.php(419): CodeIgniter\CodeIgniter->runController(Object(App\Controllers\CreateStudents))
#2 C:\xampp\htdocs\demo\system\CodeIgniter.php(326): CodeIgniter\CodeIgniter->handleRequest(NULL, Object(Config\Cache), false)
#3 C:\xampp\htdocs\demo\public\index.php(37): CodeIgniter\CodeIgniter->run()
#4 C:\xampp\htdocs\demo\system\Commands\Server\rewrite.php(43): require_once('C:\\xampp\\htdocs...')
#5 {main}
CRITICAL - 2022-04-24 22:27:02 --> Call to undefined function App\Controllers\confirm()
#0 C:\xampp\htdocs\demo\system\CodeIgniter.php(832): App\Controllers\CreateStudents->create()
#1 C:\xampp\htdocs\demo\system\CodeIgniter.php(419): CodeIgniter\CodeIgniter->runController(Object(App\Controllers\CreateStudents))
#2 C:\xampp\htdocs\demo\system\CodeIgniter.php(326): CodeIgniter\CodeIgniter->handleRequest(NULL, Object(Config\Cache), false)
#3 C:\xampp\htdocs\demo\public\index.php(37): CodeIgniter\CodeIgniter->run()
#4 C:\xampp\htdocs\demo\system\Commands\Server\rewrite.php(43): require_once('C:\\xampp\\htdocs...')
#5 {main}
