CRITICAL - 2022-04-28 13:34:50 --> Undefined variable $testvar
#0 C:\xampp\htdocs\webstore\app\Views\cart.php(5): CodeIgniter\Debug\Exceptions->errorHandler(2, 'Undefined varia...', 'C:\\xampp\\htdocs...', 5)
#1 C:\xampp\htdocs\webstore\system\View\View.php(210): include('C:\\xampp\\htdocs...')
#2 C:\xampp\htdocs\webstore\system\View\View.php(213): CodeIgniter\View\View->CodeIgniter\View\{closure}()
#3 C:\xampp\htdocs\webstore\system\Common.php(1089): CodeIgniter\View\View->render('cart', Array, true)
#4 C:\xampp\htdocs\webstore\app\Controllers\Cart.php(35): view('cart', Array)
#5 C:\xampp\htdocs\webstore\system\CodeIgniter.php(832): App\Controllers\Cart->index()
#6 C:\xampp\htdocs\webstore\system\CodeIgniter.php(419): CodeIgniter\CodeIgniter->runController(Object(App\Controllers\Cart))
#7 C:\xampp\htdocs\webstore\system\CodeIgniter.php(326): CodeIgniter\CodeIgniter->handleRequest(NULL, Object(Config\Cache), false)
#8 C:\xampp\htdocs\webstore\public\index.php(37): CodeIgniter\CodeIgniter->run()
#9 C:\xampp\htdocs\webstore\system\Commands\Server\rewrite.php(43): require_once('C:\\xampp\\htdocs...')
#10 {main}
CRITICAL - 2022-04-28 13:36:54 --> Undefined array key "test"
#0 C:\xampp\htdocs\webstore\app\Views\cart.php(5): CodeIgniter\Debug\Exceptions->errorHandler(2, 'Undefined array...', 'C:\\xampp\\htdocs...', 5)
#1 C:\xampp\htdocs\webstore\system\View\View.php(210): include('C:\\xampp\\htdocs...')
#2 C:\xampp\htdocs\webstore\system\View\View.php(213): CodeIgniter\View\View->CodeIgniter\View\{closure}()
#3 C:\xampp\htdocs\webstore\system\Common.php(1089): CodeIgniter\View\View->render('cart', Array, true)
#4 C:\xampp\htdocs\webstore\app\Controllers\Cart.php(35): view('cart', Array)
#5 C:\xampp\htdocs\webstore\system\CodeIgniter.php(832): App\Controllers\Cart->index()
#6 C:\xampp\htdocs\webstore\system\CodeIgniter.php(419): CodeIgniter\CodeIgniter->runController(Object(App\Controllers\Cart))
#7 C:\xampp\htdocs\webstore\system\CodeIgniter.php(326): CodeIgniter\CodeIgniter->handleRequest(NULL, Object(Config\Cache), false)
#8 C:\xampp\htdocs\webstore\public\index.php(37): CodeIgniter\CodeIgniter->run()
#9 C:\xampp\htdocs\webstore\system\Commands\Server\rewrite.php(43): require_once('C:\\xampp\\htdocs...')
#10 {main}
CRITICAL - 2022-04-28 15:08:25 --> Undefined variable $testvar
#0 C:\xampp\htdocs\webstore\app\Views\cart.php(7): CodeIgniter\Debug\Exceptions->errorHandler(2, 'Undefined varia...', 'C:\\xampp\\htdocs...', 7)
#1 C:\xampp\htdocs\webstore\system\View\View.php(210): include('C:\\xampp\\htdocs...')
#2 C:\xampp\htdocs\webstore\system\View\View.php(213): CodeIgniter\View\View->CodeIgniter\View\{closure}()
#3 C:\xampp\htdocs\webstore\system\Common.php(1089): CodeIgniter\View\View->render('cart', Array, true)
#4 C:\xampp\htdocs\webstore\app\Controllers\Cart.php(35): view('cart', Array)
#5 C:\xampp\htdocs\webstore\system\CodeIgniter.php(832): App\Controllers\Cart->index()
#6 C:\xampp\htdocs\webstore\system\CodeIgniter.php(419): CodeIgniter\CodeIgniter->runController(Object(App\Controllers\Cart))
#7 C:\xampp\htdocs\webstore\system\CodeIgniter.php(326): CodeIgniter\CodeIgniter->handleRequest(NULL, Object(Config\Cache), false)
#8 C:\xampp\htdocs\webstore\public\index.php(37): CodeIgniter\CodeIgniter->run()
#9 C:\xampp\htdocs\webstore\system\Commands\Server\rewrite.php(43): require_once('C:\\xampp\\htdocs...')
#10 {main}
CRITICAL - 2022-04-28 15:43:43 --> Undefined array key "testedinput"
#0 C:\xampp\htdocs\webstore\app\Views\cart.php(3): CodeIgniter\Debug\Exceptions->errorHandler(2, 'Undefined array...', 'C:\\xampp\\htdocs...', 3)
#1 C:\xampp\htdocs\webstore\system\View\View.php(210): include('C:\\xampp\\htdocs...')
#2 C:\xampp\htdocs\webstore\system\View\View.php(213): CodeIgniter\View\View->CodeIgniter\View\{closure}()
#3 C:\xampp\htdocs\webstore\system\Common.php(1089): CodeIgniter\View\View->render('cart', Array, true)
#4 C:\xampp\htdocs\webstore\app\Controllers\Cart.php(35): view('cart', Array)
#5 C:\xampp\htdocs\webstore\system\CodeIgniter.php(832): App\Controllers\Cart->index()
#6 C:\xampp\htdocs\webstore\system\CodeIgniter.php(419): CodeIgniter\CodeIgniter->runController(Object(App\Controllers\Cart))
#7 C:\xampp\htdocs\webstore\system\CodeIgniter.php(326): CodeIgniter\CodeIgniter->handleRequest(NULL, Object(Config\Cache), false)
#8 C:\xampp\htdocs\webstore\public\index.php(37): CodeIgniter\CodeIgniter->run()
#9 C:\xampp\htdocs\webstore\system\Commands\Server\rewrite.php(43): require_once('C:\\xampp\\htdocs...')
#10 {main}
CRITICAL - 2022-04-28 15:44:20 --> Undefined array key "testedinput"
#0 C:\xampp\htdocs\webstore\app\Views\cart.php(3): CodeIgniter\Debug\Exceptions->errorHandler(2, 'Undefined array...', 'C:\\xampp\\htdocs...', 3)
#1 C:\xampp\htdocs\webstore\system\View\View.php(210): include('C:\\xampp\\htdocs...')
#2 C:\xampp\htdocs\webstore\system\View\View.php(213): CodeIgniter\View\View->CodeIgniter\View\{closure}()
#3 C:\xampp\htdocs\webstore\system\Common.php(1089): CodeIgniter\View\View->render('cart', Array, true)
#4 C:\xampp\htdocs\webstore\app\Controllers\Cart.php(35): view('cart', Array)
#5 C:\xampp\htdocs\webstore\system\CodeIgniter.php(832): App\Controllers\Cart->index()
#6 C:\xampp\htdocs\webstore\system\CodeIgniter.php(419): CodeIgniter\CodeIgniter->runController(Object(App\Controllers\Cart))
#7 C:\xampp\htdocs\webstore\system\CodeIgniter.php(326): CodeIgniter\CodeIgniter->handleRequest(NULL, Object(Config\Cache), false)
#8 C:\xampp\htdocs\webstore\public\index.php(37): CodeIgniter\CodeIgniter->run()
#9 C:\xampp\htdocs\webstore\system\Commands\Server\rewrite.php(43): require_once('C:\\xampp\\htdocs...')
#10 {main}
CRITICAL - 2022-04-28 16:08:35 --> Invalid file: productsadminview.php
#0 C:\xampp\htdocs\webstore\system\View\View.php(198): CodeIgniter\Exceptions\FrameworkException::forInvalidFile('productsadminvi...')
#1 C:\xampp\htdocs\webstore\system\Common.php(1089): CodeIgniter\View\View->render('productsadminvi...', Array, true)
#2 C:\xampp\htdocs\webstore\app\Controllers\Products.php(29): view('productsadminvi...', Array)
#3 C:\xampp\htdocs\webstore\system\CodeIgniter.php(832): App\Controllers\Products->index()
#4 C:\xampp\htdocs\webstore\system\CodeIgniter.php(419): CodeIgniter\CodeIgniter->runController(Object(App\Controllers\Products))
#5 C:\xampp\htdocs\webstore\system\CodeIgniter.php(326): CodeIgniter\CodeIgniter->handleRequest(NULL, Object(Config\Cache), false)
#6 C:\xampp\htdocs\webstore\public\index.php(37): CodeIgniter\CodeIgniter->run()
#7 C:\xampp\htdocs\webstore\system\Commands\Server\rewrite.php(43): require_once('C:\\xampp\\htdocs...')
#8 {main}
